This is pdfTeX, Version 3.14159265-2.6-1.40.16 (TeX Live 2015) (preloaded format=pdflatex 2016.2.22)  22 FEB 2016 23:32
entering extended mode
 restricted \write18 enabled.
 %&-line parsing enabled.
**ylq_report.tex
(./ylq_report.tex
LaTeX2e <2015/01/01>
Babel <3.9l> and hyphenation patterns for 79 languages loaded.
(/usr/local/texlive/2015/texmf-dist/tex/latex/base/article.cls
Document Class: article 2014/09/29 v1.4h Standard LaTeX document class
(/usr/local/texlive/2015/texmf-dist/tex/latex/base/size10.clo
File: size10.clo 2014/09/29 v1.4h Standard LaTeX file (size option)
)
\c@part=\count79
\c@section=\count80
\c@subsection=\count81
\c@subsubsection=\count82
\c@paragraph=\count83
\c@subparagraph=\count84
\c@figure=\count85
\c@table=\count86
\abovecaptionskip=\skip41
\belowcaptionskip=\skip42
\bibindent=\dimen102
)
(/usr/local/texlive/2015/texmf-dist/tex/latex/amsmath/amsmath.sty
Package: amsmath 2013/01/14 v2.14 AMS math features
\@mathmargin=\skip43

For additional information on amsmath, use the `?' option.
(/usr/local/texlive/2015/texmf-dist/tex/latex/amsmath/amstext.sty
Package: amstext 2000/06/29 v2.01

(/usr/local/texlive/2015/texmf-dist/tex/latex/amsmath/amsgen.sty
File: amsgen.sty 1999/11/30 v2.0
\@emptytoks=\toks14
\ex@=\dimen103
))
(/usr/local/texlive/2015/texmf-dist/tex/latex/amsmath/amsbsy.sty
Package: amsbsy 1999/11/29 v1.2d
\pmbraise@=\dimen104
)
(/usr/local/texlive/2015/texmf-dist/tex/latex/amsmath/amsopn.sty
Package: amsopn 1999/12/14 v2.01 operator names
)
\inf@bad=\count87
LaTeX Info: Redefining \frac on input line 210.
\uproot@=\count88
\leftroot@=\count89
LaTeX Info: Redefining \overline on input line 306.
\classnum@=\count90
\DOTSCASE@=\count91
LaTeX Info: Redefining \ldots on input line 378.
LaTeX Info: Redefining \dots on input line 381.
LaTeX Info: Redefining \cdots on input line 466.
\Mathstrutbox@=\box26
\strutbox@=\box27
\big@size=\dimen105
LaTeX Font Info:    Redeclaring font encoding OML on input line 566.
LaTeX Font Info:    Redeclaring font encoding OMS on input line 567.
\macc@depth=\count92
\c@MaxMatrixCols=\count93
\dotsspace@=\muskip10
\c@parentequation=\count94
\dspbrk@lvl=\count95
\tag@help=\toks15
\row@=\count96
\column@=\count97
\maxfields@=\count98
\andhelp@=\toks16
\eqnshift@=\dimen106
\alignsep@=\dimen107
\tagshift@=\dimen108
\tagwidth@=\dimen109
\totwidth@=\dimen110
\lineht@=\dimen111
\@envbody=\toks17
\multlinegap=\skip44
\multlinetaggap=\skip45
\mathdisplay@stack=\toks18
LaTeX Info: Redefining \[ on input line 2665.
LaTeX Info: Redefining \] on input line 2666.
)
(/usr/local/texlive/2015/texmf-dist/tex/latex/hyperref/hyperref.sty
Package: hyperref 2012/11/06 v6.83m Hypertext links for LaTeX

(/usr/local/texlive/2015/texmf-dist/tex/generic/oberdiek/hobsub-hyperref.sty
Package: hobsub-hyperref 2012/05/28 v1.13 Bundle oberdiek, subset hyperref (HO)


(/usr/local/texlive/2015/texmf-dist/tex/generic/oberdiek/hobsub-generic.sty
Package: hobsub-generic 2012/05/28 v1.13 Bundle oberdiek, subset generic (HO)
Package: hobsub 2012/05/28 v1.13 Construct package bundles (HO)
Package: infwarerr 2010/04/08 v1.3 Providing info/warning/error messages (HO)
Package: ltxcmds 2011/11/09 v1.22 LaTeX kernel commands for general use (HO)
Package: ifluatex 2010/03/01 v1.3 Provides the ifluatex switch (HO)
Package ifluatex Info: LuaTeX not detected.
Package: ifvtex 2010/03/01 v1.5 Detect VTeX and its facilities (HO)
Package ifvtex Info: VTeX not detected.
Package: intcalc 2007/09/27 v1.1 Expandable calculations with integers (HO)
Package: ifpdf 2011/01/30 v2.3 Provides the ifpdf switch (HO)
Package ifpdf Info: pdfTeX in PDF mode is detected.
Package: etexcmds 2011/02/16 v1.5 Avoid name clashes with e-TeX commands (HO)
Package etexcmds Info: Could not find \expanded.
(etexcmds)             That can mean that you are not using pdfTeX 1.50 or
(etexcmds)             that some package has redefined \expanded.
(etexcmds)             In the latter case, load this package earlier.
Package: kvsetkeys 2012/04/25 v1.16 Key value parser (HO)
Package: kvdefinekeys 2011/04/07 v1.3 Define keys (HO)
Package: pdftexcmds 2011/11/29 v0.20 Utility functions of pdfTeX for LuaTeX (HO
)
Package pdftexcmds Info: LuaTeX not detected.
Package pdftexcmds Info: \pdf@primitive is available.
Package pdftexcmds Info: \pdf@ifprimitive is available.
Package pdftexcmds Info: \pdfdraftmode found.
Package: pdfescape 2011/11/25 v1.13 Implements pdfTeX's escape features (HO)
Package: bigintcalc 2012/04/08 v1.3 Expandable calculations on big integers (HO
)
Package: bitset 2011/01/30 v1.1 Handle bit-vector datatype (HO)
Package: uniquecounter 2011/01/30 v1.2 Provide unlimited unique counter (HO)
)
Package hobsub Info: Skipping package `hobsub' (already loaded).
Package: letltxmacro 2010/09/02 v1.4 Let assignment for LaTeX macros (HO)
Package: hopatch 2012/05/28 v1.2 Wrapper for package hooks (HO)
Package: xcolor-patch 2011/01/30 xcolor patch
Package: atveryend 2011/06/30 v1.8 Hooks at the very end of document (HO)
Package atveryend Info: \enddocument detected (standard20110627).
Package: atbegshi 2011/10/05 v1.16 At begin shipout hook (HO)
Package: refcount 2011/10/16 v3.4 Data extraction from label references (HO)
Package: hycolor 2011/01/30 v1.7 Color options for hyperref/bookmark (HO)
)
(/usr/local/texlive/2015/texmf-dist/tex/latex/graphics/keyval.sty
Package: keyval 2014/10/28 v1.15 key=value parser (DPC)
\KV@toks@=\toks19
)
(/usr/local/texlive/2015/texmf-dist/tex/generic/ifxetex/ifxetex.sty
Package: ifxetex 2010/09/12 v0.6 Provides ifxetex conditional
)
(/usr/local/texlive/2015/texmf-dist/tex/latex/oberdiek/auxhook.sty
Package: auxhook 2011/03/04 v1.3 Hooks for auxiliary files (HO)
)
(/usr/local/texlive/2015/texmf-dist/tex/latex/oberdiek/kvoptions.sty
Package: kvoptions 2011/06/30 v3.11 Key value format for package options (HO)
)
\@linkdim=\dimen112
\Hy@linkcounter=\count99
\Hy@pagecounter=\count100

(/usr/local/texlive/2015/texmf-dist/tex/latex/hyperref/pd1enc.def
File: pd1enc.def 2012/11/06 v6.83m Hyperref: PDFDocEncoding definition (HO)
)
\Hy@SavedSpaceFactor=\count101

(/usr/local/texlive/2015/texmf-dist/tex/latex/latexconfig/hyperref.cfg
File: hyperref.cfg 2002/06/06 v1.2 hyperref configuration of TeXLive
)
Package hyperref Info: Hyper figures OFF on input line 4443.
Package hyperref Info: Link nesting OFF on input line 4448.
Package hyperref Info: Hyper index ON on input line 4451.
Package hyperref Info: Plain pages OFF on input line 4458.
Package hyperref Info: Backreferencing OFF on input line 4463.
Package hyperref Info: Implicit mode ON; LaTeX internals redefined.
Package hyperref Info: Bookmarks ON on input line 4688.
\c@Hy@tempcnt=\count102

(/usr/local/texlive/2015/texmf-dist/tex/latex/url/url.sty
\Urlmuskip=\muskip11
Package: url 2013/09/16  ver 3.4  Verb mode for urls, etc.
)
LaTeX Info: Redefining \url on input line 5041.
\XeTeXLinkMargin=\dimen113
\Fld@menulength=\count103
\Field@Width=\dimen114
\Fld@charsize=\dimen115
Package hyperref Info: Hyper figures OFF on input line 6295.
Package hyperref Info: Link nesting OFF on input line 6300.
Package hyperref Info: Hyper index ON on input line 6303.
Package hyperref Info: backreferencing OFF on input line 6310.
Package hyperref Info: Link coloring OFF on input line 6315.
Package hyperref Info: Link coloring with OCG OFF on input line 6320.
Package hyperref Info: PDF/A mode OFF on input line 6325.
LaTeX Info: Redefining \ref on input line 6365.
LaTeX Info: Redefining \pageref on input line 6369.
\Hy@abspage=\count104
\c@Item=\count105
\c@Hfootnote=\count106
)

Package hyperref Message: Driver (autodetected): hpdftex.

(/usr/local/texlive/2015/texmf-dist/tex/latex/hyperref/hpdftex.def
File: hpdftex.def 2012/11/06 v6.83m Hyperref driver for pdfTeX
\Fld@listcount=\count107
\c@bookmark@seq@number=\count108

(/usr/local/texlive/2015/texmf-dist/tex/latex/oberdiek/rerunfilecheck.sty
Package: rerunfilecheck 2011/04/15 v1.7 Rerun checks for auxiliary files (HO)
Package uniquecounter Info: New unique counter `rerunfilecheck' on input line 2
82.
)
\Hy@SectionHShift=\skip46
)
(/usr/local/texlive/2015/texmf-dist/tex/latex/graphics/graphicx.sty
Package: graphicx 2014/10/28 v1.0g Enhanced LaTeX Graphics (DPC,SPQR)

(/usr/local/texlive/2015/texmf-dist/tex/latex/graphics/graphics.sty
Package: graphics 2014/10/28 v1.0p Standard LaTeX Graphics (DPC,SPQR)

(/usr/local/texlive/2015/texmf-dist/tex/latex/graphics/trig.sty
Package: trig 1999/03/16 v1.09 sin cos tan (DPC)
)
(/usr/local/texlive/2015/texmf-dist/tex/latex/latexconfig/graphics.cfg
File: graphics.cfg 2010/04/23 v1.9 graphics configuration of TeX Live
)
Package graphics Info: Driver file: pdftex.def on input line 94.

(/usr/local/texlive/2015/texmf-dist/tex/latex/pdftex-def/pdftex.def
File: pdftex.def 2011/05/27 v0.06d Graphics/color for pdfTeX
\Gread@gobject=\count109
))
\Gin@req@height=\dimen116
\Gin@req@width=\dimen117
)
(./ylq_report.aux

LaTeX Warning: Label `fig:roc' multiply defined.

)
\openout1 = `ylq_report.aux'.

LaTeX Font Info:    Checking defaults for OML/cmm/m/it on input line 7.
LaTeX Font Info:    ... okay on input line 7.
LaTeX Font Info:    Checking defaults for T1/cmr/m/n on input line 7.
LaTeX Font Info:    ... okay on input line 7.
LaTeX Font Info:    Checking defaults for OT1/cmr/m/n on input line 7.
LaTeX Font Info:    ... okay on input line 7.
LaTeX Font Info:    Checking defaults for OMS/cmsy/m/n on input line 7.
LaTeX Font Info:    ... okay on input line 7.
LaTeX Font Info:    Checking defaults for OMX/cmex/m/n on input line 7.
LaTeX Font Info:    ... okay on input line 7.
LaTeX Font Info:    Checking defaults for U/cmr/m/n on input line 7.
LaTeX Font Info:    ... okay on input line 7.
LaTeX Font Info:    Checking defaults for PD1/pdf/m/n on input line 7.
LaTeX Font Info:    ... okay on input line 7.
\AtBeginShipoutBox=\box28
Package hyperref Info: Link coloring OFF on input line 7.
 (/usr/local/texlive/2015/texmf-dist/tex/latex/hyperref/nameref.sty
Package: nameref 2012/10/27 v2.43 Cross-referencing by name of section

(/usr/local/texlive/2015/texmf-dist/tex/generic/oberdiek/gettitlestring.sty
Package: gettitlestring 2010/12/03 v1.4 Cleanup title references (HO)
)
\c@section@level=\count110
)
LaTeX Info: Redefining \ref on input line 7.
LaTeX Info: Redefining \pageref on input line 7.
LaTeX Info: Redefining \nameref on input line 7.

(./ylq_report.out) (./ylq_report.out)
\@outlinefile=\write3
\openout3 = `ylq_report.out'.


(/usr/local/texlive/2015/texmf-dist/tex/context/base/supp-pdf.mkii
[Loading MPS to PDF converter (version 2006.09.02).]
\scratchcounter=\count111
\scratchdimen=\dimen118
\scratchbox=\box29
\nofMPsegments=\count112
\nofMParguments=\count113
\everyMPshowfont=\toks20
\MPscratchCnt=\count114
\MPscratchDim=\dimen119
\MPnumerator=\count115
\makeMPintoPDFobject=\count116
\everyMPtoPDFconversion=\toks21
) (/usr/local/texlive/2015/texmf-dist/tex/latex/oberdiek/epstopdf-base.sty
Package: epstopdf-base 2010/02/09 v2.5 Base part for package epstopdf

(/usr/local/texlive/2015/texmf-dist/tex/latex/oberdiek/grfext.sty
Package: grfext 2010/08/19 v1.1 Manage graphics extensions (HO)
)
Package grfext Info: Graphics extension search list:
(grfext)             [.png,.pdf,.jpg,.mps,.jpeg,.jbig2,.jb2,.PNG,.PDF,.JPG,.JPE
G,.JBIG2,.JB2,.eps]
(grfext)             \AppendGraphicsExtensions on input line 452.

(/usr/local/texlive/2015/texmf-dist/tex/latex/latexconfig/epstopdf-sys.cfg
File: epstopdf-sys.cfg 2010/07/13 v1.3 Configuration of (r)epstopdf for TeX Liv
e
))
[1

{/usr/local/texlive/2015/texmf-var/fonts/map/pdftex/updmap/pdftex.map}]
(./ylq_report.toc)
\tf@toc=\write4
\openout4 = `ylq_report.toc'.

 [2]
Underfull \hbox (badness 10000) in paragraph at lines 20--23

 []

<problema.png, id=97, 578.16pt x 433.62pt>
File: problema.png Graphic file (type png)
 <use problema.png>
Package pdftex.def Info: problema.png used on input line 31.
(pdftex.def)             Requested size: 207.0021pt x 155.24954pt.

Underfull \hbox (badness 10000) in paragraph at lines 24--35

 []


Overfull \hbox (0.52846pt too wide) in paragraph at lines 24--35
\OT1/cmr/m/n/10 windows.misc,comp.sys.ibm.pc.hardware,comp.sys.mac.hardware are
 al-most the
 []


Underfull \hbox (badness 10000) in paragraph at lines 24--35

 []


Underfull \hbox (badness 10000) in paragraph at lines 36--39

 []

[3]
Missing character: There is no â in font cmr10!
Missing character: There is no € in font cmr10!
Missing character: There is no “ in font cmr10!
Missing character: There is no â in font cmr10!
Missing character: There is no € in font cmr10!
Missing character: There is no “ in font cmr10!

Underfull \hbox (badness 10000) in paragraph at lines 40--43

 []


Overfull \hbox (2.05624pt too wide) in paragraph at lines 49--65
 [] 
 []

[4 <./problema.png>] [5] <roc_hard.png, id=122, 578.16pt x 433.62pt>
File: roc_hard.png Graphic file (type png)

<use roc_hard.png>
Package pdftex.def Info: roc_hard.png used on input line 98.
(pdftex.def)             Requested size: 207.0021pt x 155.24954pt.
 [6 <./roc_hard.png>]
<roc_soft.png, id=134, 578.16pt x 433.62pt>
File: roc_soft.png Graphic file (type png)
 <use roc_soft.png>
Package pdftex.def Info: roc_soft.png used on input line 132.
(pdftex.def)             Requested size: 207.0021pt x 155.24954pt.

<g_gaus_naive_bayes_roc.png, id=137, 578.16pt x 430.7292pt>
File: g_gaus_naive_bayes_roc.png Graphic file (type png)

<use g_gaus_naive_bayes_roc.png>
Package pdftex.def Info: g_gaus_naive_bayes_roc.png used on input line 159.
(pdftex.def)             Requested size: 207.0021pt x 154.21455pt.

<g_naive_bayes_roc.png, id=140, 578.16pt x 430.7292pt>
File: g_naive_bayes_roc.png Graphic file (type png)

<use g_naive_bayes_roc.png>
Package pdftex.def Info: g_naive_bayes_roc.png used on input line 186.
(pdftex.def)             Requested size: 207.0021pt x 154.21455pt.

Underfull \hbox (badness 10000) in paragraph at lines 137--192

 []


Overfull \hbox (4.91603pt too wide) in paragraph at lines 137--192
\OT1/cmr/m/n/10 The ROC of this clas-si-fier is shown as Fig-ure []4[] and the 
area un-der the curve(AUC)
 []


Underfull \hbox (badness 10000) in paragraph at lines 137--192

 []


Underfull \hbox (badness 10000) in paragraph at lines 137--192

 []

[7 <./roc_soft.png>]
<h_logistic_regression_l1_roc.png, id=153, 578.16pt x 430.7292pt>
File: h_logistic_regression_l1_roc.png Graphic file (type png)

<use h_logistic_regression_l1_roc.png>
Package pdftex.def Info: h_logistic_regression_l1_roc.png used on input line 21
6.
(pdftex.def)             Requested size: 207.0021pt x 154.21455pt.

<h_logistic_regression_l2_roc.png, id=156, 578.16pt x 430.7292pt>
File: h_logistic_regression_l2_roc.png Graphic file (type png)

<use h_logistic_regression_l2_roc.png>
Package pdftex.def Info: h_logistic_regression_l2_roc.png used on input line 24
1.
(pdftex.def)             Requested size: 207.0021pt x 154.21455pt.
 <roc.png, id=158, 578.16pt x 433.62pt>
File: roc.png Graphic file (type png)

<use roc.png>
Package pdftex.def Info: roc.png used on input line 251.
(pdftex.def)             Requested size: 207.0021pt x 155.24954pt.

Underfull \hbox (badness 10000) in paragraph at lines 194--255

 []


Underfull \hbox (badness 10000) in paragraph at lines 194--255

 []

[8 <./g_gaus_naive_bayes_roc.png>] [9 <./g_naive_bayes_roc.png>] [10 <./h_logis
tic_regression_l1_roc.png> <./h_logistic_regression_l2_roc.png>]
Underfull \hbox (badness 10000) in paragraph at lines 257--276

 []


Underfull \hbox (badness 10000) in paragraph at lines 278--327

 []


Underfull \hbox (badness 10000) in paragraph at lines 278--327

 []


Underfull \hbox (badness 10000) in paragraph at lines 278--327

 []


Overfull \hbox (0.33394pt too wide) in paragraph at lines 278--327
\OT1/cmr/m/n/10 The statis-tics and the con-fu-sion ma-trix show that,under thi
s case, the Bernoulli's
 []

[11 <./roc.png>]
Underfull \hbox (badness 10000) in paragraph at lines 329--353

 []


Underfull \hbox (badness 10000) in paragraph at lines 329--353

 []

[12]
Underfull \hbox (badness 10000) in paragraph at lines 355--381

 []


Underfull \hbox (badness 10000) in paragraph at lines 355--381

 []

[13]
Package atveryend Info: Empty hook `BeforeClearDocument' on input line 423.
 [14]
Package atveryend Info: Empty hook `AfterLastShipout' on input line 423.
 (./ylq_report.aux)
Package atveryend Info: Executing hook `AtVeryEndDocument' on input line 423.
Package atveryend Info: Executing hook `AtEndAfterFileList' on input line 423.
Package rerunfilecheck Info: File `ylq_report.out' has not changed.
(rerunfilecheck)             Checksum: E8B9A229B0CC6FADB9DCC0598E8D92D1;985.


LaTeX Warning: There were multiply-defined labels.

Package atveryend Info: Empty hook `AtVeryVeryEnd' on input line 423.
 ) 
Here is how much of TeX's memory you used:
 5768 strings out of 493089
 83882 string characters out of 6134842
 175926 words of memory out of 5000000
 9162 multiletter control sequences out of 15000+600000
 9369 words of font info for 34 fonts, out of 8000000 for 9000
 1141 hyphenation exceptions out of 8191
 29i,14n,28p,854b,332s stack positions out of 5000i,500n,10000p,200000b,80000s
</usr/local/texlive/2015/texmf-dist/fonts/type1/public/amsfonts/cm/cmbx10.pfb
></usr/local/texlive/2015/texmf-dist/fonts/type1/public/amsfonts/cm/cmbx12.pfb>
</usr/local/texlive/2015/texmf-dist/fonts/type1/public/amsfonts/cm/cmex10.pfb><
/usr/local/texlive/2015/texmf-dist/fonts/type1/public/amsfonts/cm/cmmi10.pfb></
usr/local/texlive/2015/texmf-dist/fonts/type1/public/amsfonts/cm/cmmi7.pfb></us
r/local/texlive/2015/texmf-dist/fonts/type1/public/amsfonts/cm/cmr10.pfb></usr/
local/texlive/2015/texmf-dist/fonts/type1/public/amsfonts/cm/cmr12.pfb></usr/lo
cal/texlive/2015/texmf-dist/fonts/type1/public/amsfonts/cm/cmr17.pfb></usr/loca
l/texlive/2015/texmf-dist/fonts/type1/public/amsfonts/cm/cmr7.pfb></usr/local/t
exlive/2015/texmf-dist/fonts/type1/public/amsfonts/cm/cmsy10.pfb></usr/local/te
xlive/2015/texmf-dist/fonts/type1/public/amsfonts/cm/cmti10.pfb>
Output written on ylq_report.pdf (14 pages, 289702 bytes).
PDF statistics:
 265 PDF objects out of 1000 (max. 8388607)
 219 compressed objects within 3 object streams
 53 named destinations out of 1000 (max. 500000)
 161 words of extra memory for PDF output out of 10000 (max. 10000000)

